<?xml version="1.0" encoding="UTF-8" ?>
<testsuite tests="6" failures="0" name="cucumber.Options.TestRunner" time="0.02" errors="0" skipped="0">
  <properties>
[...]
</properties>
  <testcase classname="Scenario: check login api is working and returing 200 status code" name="Given give login payload" time="0.007"/>
  <testcase classname="Scenario: check login api is working and returing 200 status code" name="When user call &quot;LoginAPI&quot; with HTTP &quot;post&quot; method" time="0.008"/>
  <testcase classname="Scenario: check login api is working and returing 200 status code" name="Then status code is 200" time="0"/>
  <testcase classname="Scenario: check login api is working and returing 200 status code" name="Then fetch authentication token from the response" time="0"/>
  <testcase classname="Scenario: check login api is working and returing 200 status code" name="Then get &quot;GetProfileAPI&quot; response" time="0.002"/>
  <testcase classname="Scenario: check login api is working and returing 200 status code" name="Scenario: check login api is working and returing 200 status code" time="0.003"/>
</testsuite>